<?xml version="1.0" encoding="UTF-8"?>
<!-- Generated by org.testng.reporters.JUnitXMLReporter -->
<testsuite ignored="0" hostname="Shiva_9686" failures="0" tests="3" name="Default test(failed)" time="98.289" errors="0" timestamp="2024-12-05T11:31:29 IST">
  <testcase classname="com.comcast.crm.contacttest.Createcontactwithmandatefield" name="createContactWithManField" time="16.223"/>
  <testcase classname="com.comcast.crm.contacttest.Createcontactwithmandatefield" name="createContactWithOrganization" time="41.084"/>
  <testcase classname="com.comcast.crm.contacttest.Createcontactwithmandatefield" name="createContactWithSupportDate" time="11.34"/>
</testsuite> <!-- Default test(failed) -->
