<?xml version="1.0" encoding="UTF-8"?>
<!-- Generated by org.testng.reporters.JUnitXMLReporter -->
<testsuite ignored="0" hostname="Shiva_9686" failures="0" tests="3" name="Test1" time="168.846" errors="0" timestamp="2024-11-29T10:36:11 IST">
  <testcase classname="com.comcast.crm.contacttest.Createcontactwithmandatefield" name="createContactWithManField" time="31.037"/>
  <testcase classname="com.comcast.crm.contacttest.Createcontactwithmandatefield" name="createContactWithOrganization" time="74.599"/>
  <testcase classname="com.comcast.crm.contacttest.Createcontactwithmandatefield" name="createContactWithSupportDate" time="22.667"/>
</testsuite> <!-- Test1 -->
