<?xml version="1.0" encoding="UTF-8"?>
<!-- Generated by org.testng.reporters.JUnitXMLReporter -->
<testsuite ignored="2" hostname="Shiva_9686" failures="0" tests="6" name="TestRunner-edge" time="234.427" errors="0" timestamp="2024-11-29T13:10:54 IST">
  <testcase classname="com.comcast.crm.contacttest.Createcontactwithmandatefield" name="createContactWithManField" time="27.145"/>
  <testcase classname="com.comcast.crm.contacttest.Createcontactwithmandatefield" name="createContactWithOrganization" time="47.715"/>
  <testcase classname="com.comcast.crm.contacttest.Createcontactwithmandatefield" name="createContactWithSupportDate" time="17.193"/>
  <testcase classname="com.comcast.crm.orgtest.CreateOrganization2Test" name="createOrgTest" time="27.609"/>
  <testcase classname="com.comcast.crm.orgtest.CreateOrganization2Test" name="createOrganizationWithPhoneNumber" time="17.641"/>
  <testcase classname="com.comcast.crm.orgtest.CreateOrganization2Test" name="createOrgwithIndustryAndTypeTest" time="23.351"/>
  <testcase classname="com.comcast.crm.baseutility.BaseClass" name="@AfterSuite configAS" time="0.0">
    <ignored/>
  </testcase> <!-- @AfterSuite configAS -->
  <testcase classname="com.comcast.crm.baseutility.BaseClass" name="@BeforeSuite configBS" time="0.0">
    <ignored/>
  </testcase> <!-- @BeforeSuite configBS -->
</testsuite> <!-- TestRunner-edge -->
