<?xml version="1.0" encoding="UTF-8"?>
<!-- Generated by org.testng.reporters.JUnitXMLReporter -->
<testsuite ignored="2" hostname="Shiva_9686" failures="0" tests="6" name="TestRunner-Chrome" time="231.333" errors="0" timestamp="2024-11-29T13:10:51 IST">
  <testcase classname="com.comcast.crm.contacttest.Createcontactwithmandatefield" name="createContactWithManField" time="25.365"/>
  <testcase classname="com.comcast.crm.contacttest.Createcontactwithmandatefield" name="createContactWithOrganization" time="46.761"/>
  <testcase classname="com.comcast.crm.contacttest.Createcontactwithmandatefield" name="createContactWithSupportDate" time="21.713"/>
  <testcase classname="com.comcast.crm.orgtest.CreateOrganization2Test" name="createOrgTest" time="32.068"/>
  <testcase classname="com.comcast.crm.orgtest.CreateOrganization2Test" name="createOrganizationWithPhoneNumber" time="19.786"/>
  <testcase classname="com.comcast.crm.orgtest.CreateOrganization2Test" name="createOrgwithIndustryAndTypeTest" time="24.617"/>
  <testcase classname="com.comcast.crm.baseutility.BaseClass" name="@AfterSuite configAS" time="0.0">
    <ignored/>
  </testcase> <!-- @AfterSuite configAS -->
  <testcase classname="com.comcast.crm.baseutility.BaseClass" name="@BeforeSuite configBS" time="0.0">
    <ignored/>
  </testcase> <!-- @BeforeSuite configBS -->
</testsuite> <!-- TestRunner-Chrome -->
