<?xml version="1.0" encoding="UTF-8"?>
<!-- Generated by org.testng.reporters.JUnitXMLReporter -->
<testsuite ignored="2" hostname="Shiva_9686" failures="0" tests="1" name="Test" time="54.964" errors="0" timestamp="2024-12-11T09:59:41 IST">
  <testcase classname="com.comcast.crm.orgtest.CreateOrganization2Test" name="createOrgTest" time="28.154"/>
  <testcase classname="com.comcast.crm.orgtest.CreateOrganization2Test" name="createOrgwithIndustryAndTypeTest" time="0.0">
    <ignored/>
  </testcase> <!-- createOrgwithIndustryAndTypeTest -->
  <testcase classname="com.comcast.crm.orgtest.CreateOrganization2Test" name="createOrganizationWithPhoneNumber" time="0.0">
    <ignored/>
  </testcase> <!-- createOrganizationWithPhoneNumber -->
</testsuite> <!-- Test -->
