<?xml version="1.0" encoding="UTF-8"?>
<!-- Generated by org.testng.reporters.JUnitXMLReporter -->
<testsuite ignored="0" hostname="Shiva_9686" failures="0" tests="3" name="Test2" time="154.884" errors="0" timestamp="2024-11-29T10:35:58 IST">
  <testcase classname="com.comcast.crm.orgtest.CreateOrganization2Test" name="createOrgTest" time="42.561"/>
  <testcase classname="com.comcast.crm.orgtest.CreateOrganization2Test" name="createOrganizationWithPhoneNumber" time="25.722"/>
  <testcase classname="com.comcast.crm.orgtest.CreateOrganization2Test" name="createOrgwithIndustryAndTypeTest" time="41.777"/>
</testsuite> <!-- Test2 -->
