<?xml version="1.0" encoding="UTF-8"?>
<!-- Generated by org.testng.reporters.JUnitXMLReporter -->
<testsuite ignored="2" hostname="Shiva_9686" failures="0" tests="0" name="Default test" time="12.95" errors="0" timestamp="2024-12-12T10:50:39 IST">
  <testcase classname="com.comcast.crm.orgtest.CreateOrganization2Test" name="createOrgwithIndustryAndTypeTest" time="0.0">
    <ignored/>
  </testcase> <!-- createOrgwithIndustryAndTypeTest -->
  <testcase classname="com.comcast.crm.orgtest.CreateOrganization2Test" name="createOrganizationWithPhoneNumber" time="0.0">
    <ignored/>
  </testcase> <!-- createOrganizationWithPhoneNumber -->
</testsuite> <!-- Default test -->
